<?xml version="1.0" encoding="UTF-8"?>
<!-- Generated by org.testng.reporters.JUnitReportReporter -->
<testsuite skipped="0" hostname="XIPLRAC037" name="com.network18.test.mobiletest.RegistrationTest" tests="1" failures="0" timestamp="31 May 2019 12:51:22 GMT" time="67.058" errors="0">
  <testcase name="verifyLogin" time="67.058" classname="com.network18.test.mobiletest.RegistrationTest"/>
</testsuite> <!-- com.network18.test.mobiletest.RegistrationTest -->
