<?xml version="1.0" encoding="UTF-8"?>
<!-- Generated by org.testng.reporters.JUnitReportReporter -->
<testsuite skipped="0" hostname="XIPLRAC037" name="com.edgeconnect.test.mobiletest.MilestoneCreation" tests="1" failures="0" timestamp="14 Jun 2019 09:59:20 GMT" time="104.001" errors="0">
  <testcase name="milestoneCreation" time="104.001" classname="com.edgeconnect.test.mobiletest.MilestoneCreation"/>
</testsuite> <!-- com.edgeconnect.test.mobiletest.MilestoneCreation -->
