<?xml version="1.0" encoding="UTF-8"?>
<!-- Generated by org.testng.reporters.JUnitReportReporter -->
<testsuite skipped="0" hostname="XIPLRAC037" name="com.edgeconnect.test.mobiletest.IssueCreation" tests="1" failures="0" timestamp="20 Jun 2019 12:39:48 GMT" time="128.019" errors="0">
  <testcase name="issueCreation" time="128.019" classname="com.edgeconnect.test.mobiletest.IssueCreation"/>
</testsuite> <!-- com.edgeconnect.test.mobiletest.IssueCreation -->
