<?xml version="1.0" encoding="UTF-8"?>
<!-- Generated by org.testng.reporters.JUnitReportReporter -->
<testsuite skipped="0" hostname="XIPLRAC037" name="com.edgeconnect.test.mobiletest.RiskCreation" tests="1" failures="0" timestamp="13 Jun 2019 08:47:36 GMT" time="109.715" errors="0">
  <testcase name="riskCreation" time="109.715" classname="com.edgeconnect.test.mobiletest.RiskCreation"/>
</testsuite> <!-- com.edgeconnect.test.mobiletest.RiskCreation -->
